<?xml version="1.0" encoding="UTF-8"?>
<!-- Generated by org.testng.reporters.JUnitXMLReporter -->
<testsuite ignored="0" hostname="LAPTOP-2Q47I0S4" failures="1" tests="1" name="Test" time="3.32" errors="0" timestamp="2020-12-30T18:21:22 IST">
  <testcase classname="gmailAPI.restAssured.GetTestClass" name="verifyGetAtleastHundredRecords" time="3.251">
    <failure type="java.lang.AssertionError" message="
Expected: is &amp;lt;13&amp;gt;
     but: was &amp;lt;11&amp;gt;">
      <![CDATA[java.lang.AssertionError: 
Expected: is <13>
     but: was <11>
at org.hamcrest.MatcherAssert.assertThat(MatcherAssert.java:18)
at org.hamcrest.MatcherAssert.assertThat(MatcherAssert.java:6)
at gmailAPI.restAssured.GetTestClass.verifyGetAtleastHundredRecords(GetTestClass.java:44)
at java.base/java.util.ArrayList.forEach(ArrayList.java:1541)
... Removed 27 stack frames]]>
    </failure>
  </testcase> <!-- verifyGetAtleastHundredRecords -->
</testsuite> <!-- Test -->
