<?xml version="1.0" encoding="UTF-8"?>
<testng-results ignored="0" total="1" passed="1" failed="0" skipped="0">
  <reporter-output>
    <line>
      <![CDATA[Total number of mail in the inbox:13]]>
    </line>
    <line>
      <![CDATA[176a92bbc077c367]]>
    </line>
    <line>
      <![CDATA[1768fe743a96776a]]>
    </line>
    <line>
      <![CDATA[1768f154f53066dc]]>
    </line>
    <line>
      <![CDATA[17666317078f3761]]>
    </line>
    <line>
      <![CDATA[17665f67fd6a0c19]]>
    </line>
    <line>
      <![CDATA[1766596c160499aa]]>
    </line>
    <line>
      <![CDATA[17665898bcd1f377]]>
    </line>
    <line>
      <![CDATA[17664937d8a34b9f]]>
    </line>
    <line>
      <![CDATA[1765042c9c4bd37c]]>
    </line>
    <line>
      <![CDATA[17646da51d95b217]]>
    </line>
    <line>
      <![CDATA[1761dce8a363defc]]>
    </line>
    <line>
      <![CDATA[17617766f1d9b8a0]]>
    </line>
    <line>
      <![CDATA[17602f5a64126759]]>
    </line>
  </reporter-output>
  <suite started-at="2020-12-29T22:45:10 IST" name="Suite" finished-at="2020-12-29T22:45:13 IST" duration-ms="3133">
    <groups>
    </groups>
    <test started-at="2020-12-29T22:45:10 IST" name="Test" finished-at="2020-12-29T22:45:13 IST" duration-ms="3133">
      <class name="gmailAPI.restAssured.GetTestClass">
        <test-method signature="verifyGetAtleastHundredRecords()[pri:0, instance:gmailAPI.restAssured.GetTestClass@649bec2e]" started-at="2020-12-29T22:45:10 IST" name="verifyGetAtleastHundredRecords" finished-at="2020-12-29T22:45:13 IST" duration-ms="3076" status="PASS">
          <reporter-output>
            <line>
              <![CDATA[Total number of mail in the inbox:13]]>
            </line>
            <line>
              <![CDATA[176a92bbc077c367]]>
            </line>
            <line>
              <![CDATA[1768fe743a96776a]]>
            </line>
            <line>
              <![CDATA[1768f154f53066dc]]>
            </line>
            <line>
              <![CDATA[17666317078f3761]]>
            </line>
            <line>
              <![CDATA[17665f67fd6a0c19]]>
            </line>
            <line>
              <![CDATA[1766596c160499aa]]>
            </line>
            <line>
              <![CDATA[17665898bcd1f377]]>
            </line>
            <line>
              <![CDATA[17664937d8a34b9f]]>
            </line>
            <line>
              <![CDATA[1765042c9c4bd37c]]>
            </line>
            <line>
              <![CDATA[17646da51d95b217]]>
            </line>
            <line>
              <![CDATA[1761dce8a363defc]]>
            </line>
            <line>
              <![CDATA[17617766f1d9b8a0]]>
            </line>
            <line>
              <![CDATA[17602f5a64126759]]>
            </line>
          </reporter-output>
        </test-method> <!-- verifyGetAtleastHundredRecords -->
      </class> <!-- gmailAPI.restAssured.GetTestClass -->
    </test> <!-- Test -->
  </suite> <!-- Suite -->
</testng-results>
